jpbot-001-45.jupiter.internal  Sat Apr  5 13:48:43 2025  570.86.15
[0] NVIDIA GH200 120GB | 46°C,   0 % |     1 / 97871 MB |
[1] NVIDIA GH200 120GB | 47°C,   0 % |    55 / 97871 MB |
[2] NVIDIA GH200 120GB | 47°C,   0 % |    32 / 97871 MB |
[3] NVIDIA GH200 120GB | 47°C,   0 % |    11 / 97871 MB |
Execution time: min=0.001980s, mean=0.002125s
Execution time: min=0.006428s, mean=0.006508s
Execution time: min=0.024395s, mean=0.024550s
Execution time: min=0.082908s, mean=0.082986s
Execution time: min=0.559784s, mean=0.562984s
Execution time: min=1.464719s, mean=1.466351s
Execution time: min=7.514550s, mean=7.515474s
Execution time: min=24.537891s, mean=24.539327s
Execution time: min=128.716188s, mean=128.729415s
┌──────────┬──────────┐
│          │          │
│  GPU 0   │  GPU 1   │
│          │          │
│          │          │
├──────────┼──────────┤
│          │          │
│  GPU 2   │  GPU 3   │
│          │          │
│          │          │
└──────────┴──────────┘
Execution time: min=0.004231s, mean=0.004527s
┌──────────┬──────────┐
│          │          │
│  GPU 0   │  GPU 1   │
│          │          │
│          │          │
├──────────┼──────────┤
│          │          │
│  GPU 2   │  GPU 3   │
│          │          │
│          │          │
└──────────┴──────────┘
Execution time: min=0.009237s, mean=0.009499s
┌──────────┬──────────┐
│          │          │
│  GPU 0   │  GPU 1   │
│          │          │
│          │          │
├──────────┼──────────┤
│          │          │
│  GPU 2   │  GPU 3   │
│          │          │
│          │          │
└──────────┴──────────┘
Execution time: min=0.017254s, mean=0.017534s
┌──────────┬──────────┐
│          │          │
│  GPU 0   │  GPU 1   │
│          │          │
│          │          │
├──────────┼──────────┤
│          │          │
│  GPU 2   │  GPU 3   │
│          │          │
│          │          │
└──────────┴──────────┘
Execution time: min=0.033901s, mean=0.034396s
┌──────────┬──────────┐
│          │          │
│  GPU 0   │  GPU 1   │
│          │          │
│          │          │
├──────────┼──────────┤
│          │          │
│  GPU 2   │  GPU 3   │
│          │          │
│          │          │
└──────────┴──────────┘
Execution time: min=0.163246s, mean=0.163734s
┌──────────┬──────────┐
│          │          │
│  GPU 0   │  GPU 1   │
│          │          │
│          │          │
├──────────┼──────────┤
│          │          │
│  GPU 2   │  GPU 3   │
│          │          │
│          │          │
└──────────┴──────────┘
Execution time: min=0.443399s, mean=0.444256s
┌──────────┬──────────┐
│          │          │
│  GPU 0   │  GPU 1   │
│          │          │
│          │          │
├──────────┼──────────┤
│          │          │
│  GPU 2   │  GPU 3   │
│          │          │
│          │          │
└──────────┴──────────┘
Execution time: min=2.128617s, mean=2.129653s
┌──────────┬──────────┐
│          │          │
│  GPU 0   │  GPU 1   │
│          │          │
│          │          │
├──────────┼──────────┤
│          │          │
│  GPU 2   │  GPU 3   │
│          │          │
│          │          │
└──────────┴──────────┘
Execution time: min=6.341944s, mean=6.345779s
┌──────────┬──────────┐
│          │          │
│  GPU 0   │  GPU 1   │
│          │          │
│          │          │
├──────────┼──────────┤
│          │          │
│  GPU 2   │  GPU 3   │
│          │          │
│          │          │
└──────────┴──────────┘
Execution time: min=32.036226s, mean=32.039896s
┌──────────┬──────────┐
│          │          │
│  GPU 0   │  GPU 1   │
│          │          │
│          │          │
├──────────┼──────────┤
│          │          │
│  GPU 2   │  GPU 3   │
│          │          │
│          │          │
└──────────┴──────────┘
Execution time: min=109.688001s, mean=109.744965s
┌──────────┬──────────┐
│          │          │
│  GPU 0   │  GPU 1   │
│          │          │
│          │          │
├──────────┼──────────┤
│          │          │
│  GPU 2   │  GPU 3   │
│          │          │
│          │          │
└──────────┴──────────┘
Execution time: min=1.551593s, mean=1.555052s
┌──────────┬──────────┐
│          │          │
│  GPU 0   │  GPU 1   │
│          │          │
│          │          │
├──────────┼──────────┤
│          │          │
│  GPU 2   │  GPU 3   │
│          │          │
│          │          │
└──────────┴──────────┘
Execution time: min=2.275489s, mean=2.290113s
┌──────────┬──────────┐
│          │          │
│  GPU 0   │  GPU 1   │
│          │          │
│          │          │
├──────────┼──────────┤
│          │          │
│  GPU 2   │  GPU 3   │
│          │          │
│          │          │
└──────────┴──────────┘
Execution time: min=2.164772s, mean=2.168444s
┌──────────┬──────────┐
│          │          │
│  GPU 0   │  GPU 1   │
│          │          │
│          │          │
├──────────┼──────────┤
│          │          │
│  GPU 2   │  GPU 3   │
│          │          │
│          │          │
└──────────┴──────────┘
Execution time: min=2.161650s, mean=2.229333s
┌──────────┬──────────┐
│          │          │
│  GPU 0   │  GPU 1   │
│          │          │
│          │          │
├──────────┼──────────┤
│          │          │
│  GPU 2   │  GPU 3   │
│          │          │
│          │          │
└──────────┴──────────┘
Execution time: min=2.408914s, mean=2.497518s
┌──────────┬──────────┐
│          │          │
│  GPU 0   │  GPU 1   │
│          │          │
│          │          │
├──────────┼──────────┤
│          │          │
│  GPU 2   │  GPU 3   │
│          │          │
│          │          │
└──────────┴──────────┘
Execution time: min=2.235302s, mean=2.280182s
┌──────────┬──────────┐
│          │          │
│  GPU 0   │  GPU 1   │
│          │          │
│          │          │
├──────────┼──────────┤
│          │          │
│  GPU 2   │  GPU 3   │
│          │          │
│          │          │
└──────────┴──────────┘
Execution time: min=4.249013s, mean=4.251237s
┌──────────┬──────────┐
│          │          │
│  GPU 0   │  GPU 1   │
│          │          │
│          │          │
├──────────┼──────────┤
│          │          │
│  GPU 2   │  GPU 3   │
│          │          │
│          │          │
└──────────┴──────────┘
Execution time: min=9.614554s, mean=9.616095s
┌──────────┬──────────┐
│          │          │
│  GPU 0   │  GPU 1   │
│          │          │
│          │          │
├──────────┼──────────┤
│          │          │
│  GPU 2   │  GPU 3   │
│          │          │
│          │          │
└──────────┴──────────┘
Execution time: min=39.506649s, mean=39.520029s
┌──────────┬──────────┐
│          │          │
│  GPU 0   │  GPU 1   │
│          │          │
│          │          │
├──────────┼──────────┤
│          │          │
│  GPU 2   │  GPU 3   │
│          │          │
│          │          │
└──────────┴──────────┘
Execution time: min=120.148031s, mean=120.184398s
