jpbot-001-38.jupiter.internal  Fri Apr  4 14:28:40 2025  570.86.15
[0] NVIDIA GH200 120GB | 46°C,   0 % |     7 / 97871 MB |
[1] NVIDIA GH200 120GB | 46°C,   0 % |    12 / 97871 MB |
[2] NVIDIA GH200 120GB | 46°C,   0 % |     9 / 97871 MB |
[3] NVIDIA GH200 120GB | 46°C,   0 % |    10 / 97871 MB |
Execution time: min=0.002451s, mean=0.002622s
Execution time: min=0.009683s, mean=0.009785s
Execution time: min=0.026385s, mean=0.026476s
Execution time: min=0.091056s, mean=0.091288s
Execution time: min=0.594251s, mean=0.596472s
Execution time: min=1.702809s, mean=1.703883s
Execution time: min=8.800342s, mean=8.802622s
Execution time: min=29.348821s, mean=29.353163s
Execution time: min=152.478903s, mean=152.487145s
┌──────────┬──────────┐
│          │          │
│  GPU 0   │  GPU 1   │
│          │          │
│          │          │
├──────────┼──────────┤
│          │          │
│  GPU 2   │  GPU 3   │
│          │          │
│          │          │
└──────────┴──────────┘
Execution time: min=0.008370s, mean=0.008902s
┌──────────┬──────────┐
│          │          │
│  GPU 0   │  GPU 1   │
│          │          │
│          │          │
├──────────┼──────────┤
│          │          │
│  GPU 2   │  GPU 3   │
│          │          │
│          │          │
└──────────┴──────────┘
Execution time: min=0.023255s, mean=0.024210s
┌──────────┬──────────┐
│          │          │
│  GPU 0   │  GPU 1   │
│          │          │
│          │          │
├──────────┼──────────┤
│          │          │
│  GPU 2   │  GPU 3   │
│          │          │
│          │          │
└──────────┴──────────┘
Execution time: min=0.053372s, mean=0.055002s
┌──────────┬──────────┐
│          │          │
│  GPU 0   │  GPU 1   │
│          │          │
│          │          │
├──────────┼──────────┤
│          │          │
│  GPU 2   │  GPU 3   │
│          │          │
│          │          │
└──────────┴──────────┘
Execution time: min=0.120753s, mean=0.125709s
┌──────────┬──────────┐
│          │          │
│  GPU 0   │  GPU 1   │
│          │          │
│          │          │
├──────────┼──────────┤
│          │          │
│  GPU 2   │  GPU 3   │
│          │          │
│          │          │
└──────────┴──────────┘
Execution time: min=0.518161s, mean=0.521602s
┌──────────┬──────────┐
│          │          │
│  GPU 0   │  GPU 1   │
│          │          │
│          │          │
├──────────┼──────────┤
│          │          │
│  GPU 2   │  GPU 3   │
│          │          │
│          │          │
└──────────┴──────────┘
Execution time: min=1.432241s, mean=1.433880s
┌──────────┬──────────┐
│          │          │
│  GPU 0   │  GPU 1   │
│          │          │
│          │          │
├──────────┼──────────┤
│          │          │
│  GPU 2   │  GPU 3   │
│          │          │
│          │          │
└──────────┴──────────┘
Execution time: min=6.752787s, mean=6.759674s
┌──────────┬──────────┐
│          │          │
│  GPU 0   │  GPU 1   │
│          │          │
│          │          │
├──────────┼──────────┤
│          │          │
│  GPU 2   │  GPU 3   │
│          │          │
│          │          │
└──────────┴──────────┘
Execution time: min=20.204523s, mean=20.220487s
┌──────────┬──────────┐
│          │          │
│  GPU 0   │  GPU 1   │
│          │          │
│          │          │
├──────────┼──────────┤
│          │          │
│  GPU 2   │  GPU 3   │
│          │          │
│          │          │
└──────────┴──────────┘
Execution time: min=101.836476s, mean=101.894614s
┌──────────┬──────────┐
│          │          │
│  GPU 0   │  GPU 1   │
│          │          │
│          │          │
├──────────┼──────────┤
│          │          │
│  GPU 2   │  GPU 3   │
│          │          │
│          │          │
└──────────┴──────────┘
Execution time: min=360.814279s, mean=360.868492s
┌──────────┬──────────┐
│          │          │
│  GPU 0   │  GPU 1   │
│          │          │
│          │          │
├──────────┼──────────┤
│          │          │
│  GPU 2   │  GPU 3   │
│          │          │
│          │          │
└──────────┴──────────┘
Execution time: min=0.981378s, mean=0.987018s
┌──────────┬──────────┐
│          │          │
│  GPU 0   │  GPU 1   │
│          │          │
│          │          │
├──────────┼──────────┤
│          │          │
│  GPU 2   │  GPU 3   │
│          │          │
│          │          │
└──────────┴──────────┘
Execution time: min=1.346745s, mean=1.355535s
┌──────────┬──────────┐
│          │          │
│  GPU 0   │  GPU 1   │
│          │          │
│          │          │
├──────────┼──────────┤
│          │          │
│  GPU 2   │  GPU 3   │
│          │          │
│          │          │
└──────────┴──────────┘
Execution time: min=1.301559s, mean=1.315205s
┌──────────┬──────────┐
│          │          │
│  GPU 0   │  GPU 1   │
│          │          │
│          │          │
├──────────┼──────────┤
│          │          │
│  GPU 2   │  GPU 3   │
│          │          │
│          │          │
└──────────┴──────────┘
Execution time: min=1.447193s, mean=1.451330s
┌──────────┬──────────┐
│          │          │
│  GPU 0   │  GPU 1   │
│          │          │
│          │          │
├──────────┼──────────┤
│          │          │
│  GPU 2   │  GPU 3   │
│          │          │
│          │          │
└──────────┴──────────┘
Execution time: min=1.646722s, mean=1.655491s
┌──────────┬──────────┐
│          │          │
│  GPU 0   │  GPU 1   │
│          │          │
│          │          │
├──────────┼──────────┤
│          │          │
│  GPU 2   │  GPU 3   │
│          │          │
│          │          │
└──────────┴──────────┘
Execution time: min=1.939035s, mean=1.942768s
┌──────────┬──────────┐
│          │          │
│  GPU 0   │  GPU 1   │
│          │          │
│          │          │
├──────────┼──────────┤
│          │          │
│  GPU 2   │  GPU 3   │
│          │          │
│          │          │
└──────────┴──────────┘
Execution time: min=4.051424s, mean=4.058026s
┌──────────┬──────────┐
│          │          │
│  GPU 0   │  GPU 1   │
│          │          │
│          │          │
├──────────┼──────────┤
│          │          │
│  GPU 2   │  GPU 3   │
│          │          │
│          │          │
└──────────┴──────────┘
Execution time: min=9.297638s, mean=9.312399s
┌──────────┬──────────┐
│          │          │
│  GPU 0   │  GPU 1   │
│          │          │
│          │          │
├──────────┼──────────┤
│          │          │
│  GPU 2   │  GPU 3   │
│          │          │
│          │          │
└──────────┴──────────┘
Execution time: min=44.907935s, mean=44.959617s
┌──────────┬──────────┐
│          │          │
│  GPU 0   │  GPU 1   │
│          │          │
│          │          │
├──────────┼──────────┤
│          │          │
│  GPU 2   │  GPU 3   │
│          │          │
│          │          │
└──────────┴──────────┘
Execution time: min=156.020258s, mean=156.033824s
